5001
0881
0A81
5004
0901
8C00
8E20
0B01
500F
0B81
5008
0D81
0800
0A00
0980
0800
0A00
6040
C018
2102
D065
5008
09B3
C018
A002
A003
A018
A019
A010
A013
6080
0190
0C93
0C00
C03B
0800
0A00
0998
5200
09B3
C048
2102
D033
5004
0C38
5040
01A3
0803
0A03
0999
C03B
B013
B010
0A10
B019
B018
B003
B002
C013
A002
6008
8100
8000
2102
D044
5001
09B3
C03D
5007
19B3
B002
C023
A002
A003
A010
6004
5080
0181
8100
8000
2102
D055
5001
09B3
C04E
2183
D05E
5040
0830
0A34
6004
5003
19B3
C04E
B010
0A10
5003
19B3
B003
B002
C029
C065
